> Task :composeApp:checkKotlinGradlePluginConfigurationErrors SKIPPED
> Task :betterlyrics:checkKotlinGradlePluginConfigurationErrors SKIPPED
> Task :simpmusic:checkKotlinGradlePluginConfigurationErrors SKIPPED
> Task :kugou:checkKotlinGradlePluginConfigurationErrors SKIPPED
> Task :lastfm:checkKotlinGradlePluginConfigurationErrors SKIPPED
> Task :innertube:checkKotlinGradlePluginConfigurationErrors SKIPPED
> Task :canvas:checkKotlinGradlePluginConfigurationErrors SKIPPED
> Task :kizzy:checkKotlinGradlePluginConfigurationErrors SKIPPED
> Task :lrclib:checkKotlinGradlePluginConfigurationErrors SKIPPED
> Task :composeApp:convertXmlValueResourcesForCommonMain NO-SOURCE
> Task :composeApp:copyNonXmlValueResourcesForCommonMain NO-SOURCE
> Task :composeApp:prepareComposeResourcesTaskForCommonMain NO-SOURCE
> Task :composeApp:generateResourceAccessorsForCommonMain NO-SOURCE
> Task :composeApp:convertXmlValueResourcesForDesktopMain NO-SOURCE
> Task :composeApp:copyNonXmlValueResourcesForDesktopMain NO-SOURCE
> Task :composeApp:prepareComposeResourcesTaskForDesktopMain NO-SOURCE
> Task :composeApp:generateResourceAccessorsForDesktopMain NO-SOURCE
> Task :composeApp:generateActualResourceCollectorsForDesktopMain UP-TO-DATE
> Task :composeApp:generateComposeResClass UP-TO-DATE
> Task :composeApp:generateExpectResourceCollectorsForCommonMain UP-TO-DATE
> Task :composeApp:assembleDesktopMainResources UP-TO-DATE
> Task :composeApp:desktopProcessResources UP-TO-DATE
> Task :composeApp:processDesktopMainResources SKIPPED
> Task :composeApp:prepareAppResources NO-SOURCE
> Task :lrclib:compileKotlin UP-TO-DATE
> Task :innertube:compileKotlin UP-TO-DATE
> Task :simpmusic:compileKotlin UP-TO-DATE
> Task :betterlyrics:compileKotlin UP-TO-DATE
> Task :canvas:compileKotlin UP-TO-DATE
> Task :kugou:compileKotlin UP-TO-DATE
> Task :kizzy:compileKotlin UP-TO-DATE
> Task :simpmusic:compileJava NO-SOURCE
> Task :canvas:compileJava NO-SOURCE
> Task :lrclib:compileJava NO-SOURCE
> Task :kugou:compileJava NO-SOURCE
> Task :betterlyrics:compileJava NO-SOURCE
> Task :innertube:compileJava NO-SOURCE
> Task :betterlyrics:processResources NO-SOURCE
> Task :canvas:processResources NO-SOURCE
> Task :lastfm:compileKotlin UP-TO-DATE
> Task :betterlyrics:classes UP-TO-DATE
> Task :canvas:classes UP-TO-DATE
> Task :kugou:processResources NO-SOURCE
> Task :kugou:classes UP-TO-DATE
> Task :lrclib:processResources NO-SOURCE
> Task :kizzy:compileJava NO-SOURCE
> Task :lastfm:compileJava NO-SOURCE
> Task :simpmusic:processResources NO-SOURCE
> Task :lrclib:classes UP-TO-DATE
> Task :innertube:processResources NO-SOURCE
> Task :innertube:classes UP-TO-DATE
> Task :kizzy:processResources NO-SOURCE
> Task :kizzy:classes UP-TO-DATE
> Task :kugou:jar UP-TO-DATE
> Task :simpmusic:classes UP-TO-DATE
> Task :betterlyrics:jar UP-TO-DATE
> Task :canvas:jar UP-TO-DATE
> Task :lastfm:processResources NO-SOURCE
> Task :lastfm:classes UP-TO-DATE
> Task :lrclib:jar UP-TO-DATE
> Task :innertube:jar UP-TO-DATE
> Task :kizzy:jar UP-TO-DATE
> Task :simpmusic:jar UP-TO-DATE
> Task :lastfm:jar UP-TO-DATE
> Task :composeApp:compileKotlinDesktop UP-TO-DATE
> Task :composeApp:compileDesktopMainJava NO-SOURCE
> Task :composeApp:desktopMainClasses UP-TO-DATE
> Task :composeApp:desktopJar

> Task :composeApp:run
SLF4J(W): No SLF4J providers were found.
SLF4J(W): Defaulting to no-operation (NOP) logger implementation
SLF4J(W): See https://www.slf4j.org/codes.html#noProviders for further details.
